<?xml version="1.0" encoding="UTF-8"?>
<!-- Generated by org.testng.reporters.JUnitReportReporter -->
<testsuite skipped="0" hostname="macbooks-MacBook-Pro.local" name="core.test_scripts.Test_1" tests="8" failures="0" timestamp="14 Oct 2019 13:17:44 GMT" time="82.463" errors="0">
  <testcase name="goToGoogle" time="8.152" classname="core.test_scripts.Test_1"/>
  <testcase name="goToFacebook" time="10.097" classname="core.test_scripts.Test_1"/>
  <testcase name="goToGoogle" time="8.040" classname="core.test_scripts.Test_1"/>
  <testcase name="goToYahoo" time="13.448" classname="core.test_scripts.Test_1"/>
  <testcase name="goToYouTube" time="9.524" classname="core.test_scripts.Test_1"/>
  <testcase name="goToYouTube" time="9.753" classname="core.test_scripts.Test_1"/>
  <testcase name="goToYahoo" time="12.663" classname="core.test_scripts.Test_1"/>
  <testcase name="goToFacebook" time="10.786" classname="core.test_scripts.Test_1"/>
</testsuite> <!-- core.test_scripts.Test_1 -->
