<?xml version="1.0" encoding="UTF-8"?>
<!-- Generated by org.testng.reporters.JUnitReportReporter -->
<testsuite skipped="0" hostname="macbooks-MacBook-Pro.local" name="core.test_scripts.Test_1" tests="8" failures="0" timestamp="04 Oct 2019 07:18:29 GMT" time="93.151" errors="0">
  <testcase name="goToGoogle" time="7.819" classname="core.test_scripts.Test_1"/>
  <testcase name="goToYouTube" time="10.206" classname="core.test_scripts.Test_1"/>
  <testcase name="goToYahoo" time="16.451" classname="core.test_scripts.Test_1"/>
  <testcase name="goToFacebook" time="11.226" classname="core.test_scripts.Test_1"/>
  <testcase name="goToGoogle" time="7.188" classname="core.test_scripts.Test_1"/>
  <testcase name="goToYahoo" time="13.044" classname="core.test_scripts.Test_1"/>
  <testcase name="goToFacebook" time="14.395" classname="core.test_scripts.Test_1"/>
  <testcase name="goToYouTube" time="12.822" classname="core.test_scripts.Test_1"/>
</testsuite> <!-- core.test_scripts.Test_1 -->
