<?xml version="1.0" encoding="UTF-8"?>
<!-- Generated by org.testng.reporters.JUnitReportReporter -->
<testsuite skipped="0" hostname="DESKTOP-stas" name="test_suite.TestNGtesting_0" tests="1" failures="0" timestamp="08 Aug 2019 07:20:06 GMT" time="0.012" errors="0">
  <testcase name="testLogin" time="0.012" classname="test_suite.TestNGtesting_0"/>
</testsuite> <!-- test_suite.TestNGtesting_0 -->
