<?xml version="1.0" encoding="UTF-8"?>
<!-- Generated by org.testng.reporters.JUnitReportReporter -->
<testsuite skipped="0" hostname="macbooks-MacBook-Pro.local" name="core.test_scripts.Test_2" tests="8" failures="0" timestamp="14 Oct 2019 13:17:44 GMT" time="73.123" errors="0">
  <testcase name="goToYouTube" time="8.468" classname="core.test_scripts.Test_2"/>
  <testcase name="goToFacebook" time="10.256" classname="core.test_scripts.Test_2"/>
  <testcase name="goToYahoo" time="11.429" classname="core.test_scripts.Test_2"/>
  <testcase name="goToGoogle" time="7.696" classname="core.test_scripts.Test_2"/>
  <testcase name="goToFacebook" time="7.590" classname="core.test_scripts.Test_2"/>
  <testcase name="goToYouTube" time="8.459" classname="core.test_scripts.Test_2"/>
  <testcase name="goToYahoo" time="11.499" classname="core.test_scripts.Test_2"/>
  <testcase name="goToGoogle" time="7.726" classname="core.test_scripts.Test_2"/>
</testsuite> <!-- core.test_scripts.Test_2 -->
