<?xml version="1.0" encoding="UTF-8"?>
<!-- Generated by org.testng.reporters.JUnitReportReporter -->
<testsuite skipped="0" hostname="macbooks-MacBook-Pro.local" name="core.test_scripts.Test_1" tests="8" failures="0" timestamp="15 Oct 2019 16:40:26 GMT" time="220.915" errors="0">
  <testcase name="goToGoogle" time="5.854" classname="core.test_scripts.Test_1"/>
  <testcase name="goToGoogle" time="6.437" classname="core.test_scripts.Test_1"/>
  <testcase name="goToFacebook" time="75.941" classname="core.test_scripts.Test_1"/>
  <testcase name="goToYouTube" time="7.223" classname="core.test_scripts.Test_1"/>
  <testcase name="goToYouTube" time="6.503" classname="core.test_scripts.Test_1"/>
  <testcase name="goToYahoo" time="77.483" classname="core.test_scripts.Test_1"/>
  <testcase name="goToFacebook" time="9.784" classname="core.test_scripts.Test_1"/>
  <testcase name="goToYahoo" time="31.690" classname="core.test_scripts.Test_1"/>
</testsuite> <!-- core.test_scripts.Test_1 -->
