<?xml version="1.0" encoding="UTF-8"?>
<!-- Generated by org.testng.reporters.JUnitReportReporter -->
<testsuite skipped="2" hostname="DESKTOP-stas" name="test_suite.TestNGtesting_1" tests="3" failures="0" timestamp="08 Aug 2019 07:20:06 GMT" time="0.001" errors="0">
  <testcase name="testLogin" time="0.000" classname="test_suite.TestNGtesting_1">
    <skipped/>
  </testcase> <!-- testLogin -->
  <testcase name="testLogin" time="0.001" classname="test_suite.TestNGtesting_1">
    <skipped/>
  </testcase> <!-- testLogin -->
  <testcase name="testLogin" time="0.000" classname="test_suite.TestNGtesting_1"/>
</testsuite> <!-- test_suite.TestNGtesting_1 -->
