<?xml version="1.0" encoding="UTF-8"?>
<!-- Generated by org.testng.reporters.JUnitReportReporter -->
<testsuite skipped="0" hostname="macbooks-MacBook-Pro.local" name="core.helpers.zalenium.ZaleniumHelper" tests="2" failures="0" timestamp="13 Oct 2019 16:22:48 GMT" time="16.312" errors="0">
  <testcase name="loginTest" time="7.813" classname="core.helpers.zalenium.ZaleniumHelper"/>
  <testcase name="loginTest" time="8.499" classname="core.helpers.zalenium.ZaleniumHelper"/>
</testsuite> <!-- core.helpers.zalenium.ZaleniumHelper -->
