<?xml version="1.0" encoding="UTF-8"?>
<!-- Generated by org.testng.reporters.JUnitReportReporter -->
<testsuite skipped="0" hostname="macbooks-MacBook-Pro.local" name="core.helpers.zalenium.ZaleniumHelper" tests="2" failures="0" timestamp="10 Oct 2019 15:52:18 GMT" time="18.923" errors="0">
  <testcase name="loginTest" time="9.448" classname="core.helpers.zalenium.ZaleniumHelper"/>
  <testcase name="loginTest" time="9.475" classname="core.helpers.zalenium.ZaleniumHelper"/>
</testsuite> <!-- core.helpers.zalenium.ZaleniumHelper -->
